21:22:42 **** Build of configuration Debug for project demo1 ****
make pre-build main-build 
a9-linaro-pre-build-step
' '
'Building file: ../src/MyDispDemo1.cc'
'Invoking: ARM v7 g++ compiler'
arm-none-eabi-g++ -Wall -O0 -g3 -I"C:\Users\REV\VivadoProjects\ZYNQ_DTW\dtw_mtds_2F_32bit\mtds_demo_1.sdk\dtw_01_bsp\ps7_cortexa9_0\include" -c -fmessage-length=0 -MT"src/MyDispDemo1.o" -mcpu=cortex-a9 -mfpu=vfpv3 -mfloat-abi=hard -MMD -MP -MF"src/MyDispDemo1.d" -MT"src/MyDispDemo1.o" -o "src/MyDispDemo1.o" "../src/MyDispDemo1.cc"
'Finished building: ../src/MyDispDemo1.cc'
' '
'Building file: ../src/main.cc'
'Invoking: ARM v7 g++ compiler'
arm-none-eabi-g++ -Wall -O0 -g3 -I"C:\Users\REV\VivadoProjects\ZYNQ_DTW\dtw_mtds_2F_32bit\mtds_demo_1.sdk\dtw_01_bsp\ps7_cortexa9_0\include" -c -fmessage-length=0 -MT"src/main.o" -mcpu=cortex-a9 -mfpu=vfpv3 -mfloat-abi=hard -MMD -MP -MF"src/main.d" -MT"src/main.o" -o "src/main.o" "../src/main.cc"
'Finished building: ../src/main.cc'
' '
'Building target: demo1.elf'
'Invoking: ARM v7 g++ linker'
arm-none-eabi-g++ -mcpu=cortex-a9 -mfpu=vfpv3 -mfloat-abi=hard -Wl,-build-id=none -specs=Xilinx.spec -Wl,-T -Wl,../src/lscript.ld -o "demo1.elf"  ./src/MyDispDemo1.o ./src/main.o   
c:/xilinx/sdk/2019.1/gnu/aarch32/nt/gcc-arm-none-eabi/bin/../lib/gcc/arm-none-eabi/8.2.0/../../../../arm-none-eabi/bin/ld.exe: warning: cannot find entry symbol _vector_table; defaulting to 0000000000100000
c:/xilinx/sdk/2019.1/gnu/aarch32/nt/gcc-arm-none-eabi/bin/../lib/gcc/arm-none-eabi/8.2.0/../../../../arm-none-eabi/bin/ld.exe: ./src/MyDispDemo1.o: in function `setup()':
C:\Users\REV\VivadoProjects\ZYNQ_DTW\dtw_mtds_2F_32bit\mtds_demo_1.sdk\demo1\Debug/../src/MyDispDemo1.cc:93: undefined reference to `mydisp'
c:/xilinx/sdk/2019.1/gnu/aarch32/nt/gcc-arm-none-eabi/bin/../lib/gcc/arm-none-eabi/8.2.0/../../../../arm-none-eabi/bin/ld.exe: C:\Users\REV\VivadoProjects\ZYNQ_DTW\dtw_mtds_2F_32bit\mtds_demo_1.sdk\demo1\Debug/../src/MyDispDemo1.cc:93: undefined reference to `mydisp'
c:/xilinx/sdk/2019.1/gnu/aarch32/nt/gcc-arm-none-eabi/bin/../lib/gcc/arm-none-eabi/8.2.0/../../../../arm-none-eabi/bin/ld.exe: C:\Users\REV\VivadoProjects\ZYNQ_DTW\dtw_mtds_2F_32bit\mtds_demo_1.sdk\demo1\Debug/../src/MyDispDemo1.cc:93: undefined reference to `MYDISP::begin()'
c:/xilinx/sdk/2019.1/gnu/aarch32/nt/gcc-arm-none-eabi/bin/../lib/gcc/arm-none-eabi/8.2.0/../../../../arm-none-eabi/bin/ld.exe: C:\Users\REV\VivadoProjects\ZYNQ_DTW\dtw_mtds_2F_32bit\mtds_demo_1.sdk\demo1\Debug/../src/MyDispDemo1.cc:95: undefined reference to `xil_printf'
c:/xilinx/sdk/2019.1/gnu/aarch32/nt/gcc-arm-none-eabi/bin/../lib/gcc/arm-none-eabi/8.2.0/../../../../arm-none-eabi/bin/ld.exe: C:\Users\REV\VivadoProjects\ZYNQ_DTW\dtw_mtds_2F_32bit\mtds_demo_1.sdk\demo1\Debug/../src/MyDispDemo1.cc:99: undefined reference to `xil_printf'
c:/xilinx/sdk/2019.1/gnu/aarch32/nt/gcc-arm-none-eabi/bin/../lib/gcc/arm-none-eabi/8.2.0/../../../../arm-none-eabi/bin/ld.exe: C:\Users\REV\VivadoProjects\ZYNQ_DTW\dtw_mtds_2F_32bit\mtds_demo_1.sdk\demo1\Debug/../src/MyDispDemo1.cc:100: undefined reference to `sleep'
c:/xilinx/sdk/2019.1/gnu/aarch32/nt/gcc-arm-none-eabi/bin/../lib/gcc/arm-none-eabi/8.2.0/../../../../arm-none-eabi/bin/ld.exe: ./src/MyDispDemo1.o: in function `loop()':
C:\Users\REV\VivadoProjects\ZYNQ_DTW\dtw_mtds_2F_32bit\mtds_demo_1.sdk\demo1\Debug/../src/MyDispDemo1.cc:121: undefined reference to `mydisp'
c:/xilinx/sdk/2019.1/gnu/aarch32/nt/gcc-arm-none-eabi/bin/../lib/gcc/arm-none-eabi/8.2.0/../../../../arm-none-eabi/bin/ld.exe: C:\Users\REV\VivadoProjects\ZYNQ_DTW\dtw_mtds_2F_32bit\mtds_demo_1.sdk\demo1\Debug/../src/MyDispDemo1.cc:121: undefined reference to `mydisp'
c:/xilinx/sdk/2019.1/gnu/aarch32/nt/gcc-arm-none-eabi/bin/../lib/gcc/arm-none-eabi/8.2.0/../../../../arm-none-eabi/bin/ld.exe: C:\Users\REV\VivadoProjects\ZYNQ_DTW\dtw_mtds_2F_32bit\mtds_demo_1.sdk\demo1\Debug/../src/MyDispDemo1.cc:148: undefined reference to `sleep'
c:/xilinx/sdk/2019.1/gnu/aarch32/nt/gcc-arm-none-eabi/bin/../lib/gcc/arm-none-eabi/8.2.0/../../../../arm-none-eabi/bin/ld.exe: ./src/MyDispDemo1.o: in function `MyDispTest1()':
C:\Users\REV\VivadoProjects\ZYNQ_DTW\dtw_mtds_2F_32bit\mtds_demo_1.sdk\demo1\Debug/../src/MyDispDemo1.cc:177: undefined reference to `mydisp'
c:/xilinx/sdk/2019.1/gnu/aarch32/nt/gcc-arm-none-eabi/bin/../lib/gcc/arm-none-eabi/8.2.0/../../../../arm-none-eabi/bin/ld.exe: C:\Users\REV\VivadoProjects\ZYNQ_DTW\dtw_mtds_2F_32bit\mtds_demo_1.sdk\demo1\Debug/../src/MyDispDemo1.cc:177: undefined reference to `mydisp'
c:/xilinx/sdk/2019.1/gnu/aarch32/nt/gcc-arm-none-eabi/bin/../lib/gcc/arm-none-eabi/8.2.0/../../../../arm-none-eabi/bin/ld.exe: C:\Users\REV\VivadoProjects\ZYNQ_DTW\dtw_mtds_2F_32bit\mtds_demo_1.sdk\demo1\Debug/../src/MyDispDemo1.cc:177: undefined reference to `MYDISP::setForeground(unsigned long)'
c:/xilinx/sdk/2019.1/gnu/aarch32/nt/gcc-arm-none-eabi/bin/../lib/gcc/arm-none-eabi/8.2.0/../../../../arm-none-eabi/bin/ld.exe: C:\Users\REV\VivadoProjects\ZYNQ_DTW\dtw_mtds_2F_32bit\mtds_demo_1.sdk\demo1\Debug/../src/MyDispDemo1.cc:178: undefined reference to `mydisp'
c:/xilinx/sdk/2019.1/gnu/aarch32/nt/gcc-arm-none-eabi/bin/../lib/gcc/arm-none-eabi/8.2.0/../../../../arm-none-eabi/bin/ld.exe: C:\Users\REV\VivadoProjects\ZYNQ_DTW\dtw_mtds_2F_32bit\mtds_demo_1.sdk\demo1\Debug/../src/MyDispDemo1.cc:178: undefined reference to `mydisp'
c:/xilinx/sdk/2019.1/gnu/aarch32/nt/gcc-arm-none-eabi/bin/../lib/gcc/arm-none-eabi/8.2.0/../../../../arm-none-eabi/bin/ld.exe: C:\Users\REV\VivadoProjects\ZYNQ_DTW\dtw_mtds_2F_32bit\mtds_demo_1.sdk\demo1\Debug/../src/MyDispDemo1.cc:178: undefined reference to `MYDISP::setBackground(unsigned long)'
c:/xilinx/sdk/2019.1/gnu/aarch32/nt/gcc-arm-none-eabi/bin/../lib/gcc/arm-none-eabi/8.2.0/../../../../arm-none-eabi/bin/ld.exe: C:\Users\REV\VivadoProjects\ZYNQ_DTW\dtw_mtds_2F_32bit\mtds_demo_1.sdk\demo1\Debug/../src/MyDispDemo1.cc:179: undefined reference to `mydisp'
c:/xilinx/sdk/2019.1/gnu/aarch32/nt/gcc-arm-none-eabi/bin/../lib/gcc/arm-none-eabi/8.2.0/../../../../arm-none-eabi/bin/ld.exe: C:\Users\REV\VivadoProjects\ZYNQ_DTW\dtw_mtds_2F_32bit\mtds_demo_1.sdk\demo1\Debug/../src/MyDispDemo1.cc:179: undefined reference to `mydisp'
c:/xilinx/sdk/2019.1/gnu/aarch32/nt/gcc-arm-none-eabi/bin/../lib/gcc/arm-none-eabi/8.2.0/../../../../arm-none-eabi/bin/ld.exe: C:\Users\REV\VivadoProjects\ZYNQ_DTW\dtw_mtds_2F_32bit\mtds_demo_1.sdk\demo1\Debug/../src/MyDispDemo1.cc:179: undefined reference to `MYDISP::setPen(unsigned short)'
c:/xilinx/sdk/2019.1/gnu/aarch32/nt/gcc-arm-none-eabi/bin/../lib/gcc/arm-none-eabi/8.2.0/../../../../arm-none-eabi/bin/ld.exe: C:\Users\REV\VivadoProjects\ZYNQ_DTW\dtw_mtds_2F_32bit\mtds_demo_1.sdk\demo1\Debug/../src/MyDispDemo1.cc:180: undefined reference to `mydisp'
c:/xilinx/sdk/2019.1/gnu/aarch32/nt/gcc-arm-none-eabi/bin/../lib/gcc/arm-none-eabi/8.2.0/../../../../arm-none-eabi/bin/ld.exe: C:\Users\REV\VivadoProjects\ZYNQ_DTW\dtw_mtds_2F_32bit\mtds_demo_1.sdk\demo1\Debug/../src/MyDispDemo1.cc:180: undefined reference to `mydisp'
c:/xilinx/sdk/2019.1/gnu/aarch32/nt/gcc-arm-none-eabi/bin/../lib/gcc/arm-none-eabi/8.2.0/../../../../arm-none-eabi/bin/ld.exe: C:\Users\REV\VivadoProjects\ZYNQ_DTW\dtw_mtds_2F_32bit\mtds_demo_1.sdk\demo1\Debug/../src/MyDispDemo1.cc:180: undefined reference to `MYDISP::setTransparency(bool)'
c:/xilinx/sdk/2019.1/gnu/aarch32/nt/gcc-arm-none-eabi/bin/../lib/gcc/arm-none-eabi/8.2.0/../../../../arm-none-eabi/bin/ld.exe: C:\Users\REV\VivadoProjects\ZYNQ_DTW\dtw_mtds_2F_32bit\mtds_demo_1.sdk\demo1\Debug/../src/MyDispDemo1.cc:188: undefined reference to `mydisp'
c:/xilinx/sdk/2019.1/gnu/aarch32/nt/gcc-arm-none-eabi/bin/../lib/gcc/arm-none-eabi/8.2.0/../../../../arm-none-eabi/bin/ld.exe: C:\Users\REV\VivadoProjects\ZYNQ_DTW\dtw_mtds_2F_32bit\mtds_demo_1.sdk\demo1\Debug/../src/MyDispDemo1.cc:188: undefined reference to `mydisp'
c:/xilinx/sdk/2019.1/gnu/aarch32/nt/gcc-arm-none-eabi/bin/../lib/gcc/arm-none-eabi/8.2.0/../../../../arm-none-eabi/bin/ld.exe: C:\Users\REV\VivadoProjects\ZYNQ_DTW\dtw_mtds_2F_32bit\mtds_demo_1.sdk\demo1\Debug/../src/MyDispDemo1.cc:195: undefined reference to `mydisp'
c:/xilinx/sdk/2019.1/gnu/aarch32/nt/gcc-arm-none-eabi/bin/../lib/gcc/arm-none-eabi/8.2.0/../../../../arm-none-eabi/bin/ld.exe: C:\Users\REV\VivadoProjects\ZYNQ_DTW\dtw_mtds_2F_32bit\mtds_demo_1.sdk\demo1\Debug/../src/MyDispDemo1.cc:195: undefined reference to `mydisp'
c:/xilinx/sdk/2019.1/gnu/aarch32/nt/gcc-arm-none-eabi/bin/../lib/gcc/arm-none-eabi/8.2.0/../../../../arm-none-eabi/bin/ld.exe: C:\Users\REV\VivadoProjects\ZYNQ_DTW\dtw_mtds_2F_32bit\mtds_demo_1.sdk\demo1\Debug/../src/MyDispDemo1.cc:196: undefined reference to `xil_printf'
c:/xilinx/sdk/2019.1/gnu/aarch32/nt/gcc-arm-none-eabi/bin/../lib/gcc/arm-none-eabi/8.2.0/../../../../arm-none-eabi/bin/ld.exe: C:\Users\REV\VivadoProjects\ZYNQ_DTW\dtw_mtds_2F_32bit\mtds_demo_1.sdk\demo1\Debug/../src/MyDispDemo1.cc:197: undefined reference to `xil_printf'
c:/xilinx/sdk/2019.1/gnu/aarch32/nt/gcc-arm-none-eabi/bin/../lib/gcc/arm-none-eabi/8.2.0/../../../../arm-none-eabi/bin/ld.exe: C:\Users\REV\VivadoProjects\ZYNQ_DTW\dtw_mtds_2F_32bit\mtds_demo_1.sdk\demo1\Debug/../src/MyDispDemo1.cc:203: undefined reference to `mydisp'
c:/xilinx/sdk/2019.1/gnu/aarch32/nt/gcc-arm-none-eabi/bin/../lib/gcc/arm-none-eabi/8.2.0/../../../../arm-none-eabi/bin/ld.exe: C:\Users\REV\VivadoProjects\ZYNQ_DTW\dtw_mtds_2F_32bit\mtds_demo_1.sdk\demo1\Debug/../src/MyDispDemo1.cc:203: undefined reference to `mydisp'
c:/xilinx/sdk/2019.1/gnu/aarch32/nt/gcc-arm-none-eabi/bin/../lib/gcc/arm-none-eabi/8.2.0/../../../../arm-none-eabi/bin/ld.exe: C:\Users\REV\VivadoProjects\ZYNQ_DTW\dtw_mtds_2F_32bit\mtds_demo_1.sdk\demo1\Debug/../src/MyDispDemo1.cc:211: undefined reference to `mydisp'
c:/xilinx/sdk/2019.1/gnu/aarch32/nt/gcc-arm-none-eabi/bin/../lib/gcc/arm-none-eabi/8.2.0/../../../../arm-none-eabi/bin/ld.exe: C:\Users\REV\VivadoProjects\ZYNQ_DTW\dtw_mtds_2F_32bit\mtds_demo_1.sdk\demo1\Debug/../src/MyDispDemo1.cc:211: undefined reference to `mydisp'
c:/xilinx/sdk/2019.1/gnu/aarch32/nt/gcc-arm-none-eabi/bin/../lib/gcc/arm-none-eabi/8.2.0/../../../../arm-none-eabi/bin/ld.exe: C:\Users\REV\VivadoProjects\ZYNQ_DTW\dtw_mtds_2F_32bit\mtds_demo_1.sdk\demo1\Debug/../src/MyDispDemo1.cc:211: undefined reference to `MYDISP::drawLine(int, int, int, int)'
c:/xilinx/sdk/2019.1/gnu/aarch32/nt/gcc-arm-none-eabi/bin/../lib/gcc/arm-none-eabi/8.2.0/../../../../arm-none-eabi/bin/ld.exe: C:\Users\REV\VivadoProjects\ZYNQ_DTW\dtw_mtds_2F_32bit\mtds_demo_1.sdk\demo1\Debug/../src/MyDispDemo1.cc:212: undefined reference to `mydisp'
c:/xilinx/sdk/2019.1/gnu/aarch32/nt/gcc-arm-none-eabi/bin/../lib/gcc/arm-none-eabi/8.2.0/../../../../arm-none-eabi/bin/ld.exe: C:\Users\REV\VivadoProjects\ZYNQ_DTW\dtw_mtds_2F_32bit\mtds_demo_1.sdk\demo1\Debug/../src/MyDispDemo1.cc:212: undefined reference to `mydisp'
c:/xilinx/sdk/2019.1/gnu/aarch32/nt/gcc-arm-none-eabi/bin/../lib/gcc/arm-none-eabi/8.2.0/../../../../arm-none-eabi/bin/ld.exe: C:\Users\REV\VivadoProjects\ZYNQ_DTW\dtw_mtds_2F_32bit\mtds_demo_1.sdk\demo1\Debug/../src/MyDispDemo1.cc:212: undefined reference to `MYDISP::drawLine(int, int, int, int)'
c:/xilinx/sdk/2019.1/gnu/aarch32/nt/gcc-arm-none-eabi/bin/../lib/gcc/arm-none-eabi/8.2.0/../../../../arm-none-eabi/bin/ld.exe: C:\Users\REV\VivadoProjects\ZYNQ_DTW\dtw_mtds_2F_32bit\mtds_demo_1.sdk\demo1\Debug/../src/MyDispDemo1.cc:217: undefined reference to `mydisp'
c:/xilinx/sdk/2019.1/gnu/aarch32/nt/gcc-arm-none-eabi/bin/../lib/gcc/arm-none-eabi/8.2.0/../../../../arm-none-eabi/bin/ld.exe: C:\Users\REV\VivadoProjects\ZYNQ_DTW\dtw_mtds_2F_32bit\mtds_demo_1.sdk\demo1\Debug/../src/MyDispDemo1.cc:217: undefined reference to `mydisp'
c:/xilinx/sdk/2019.1/gnu/aarch32/nt/gcc-arm-none-eabi/bin/../lib/gcc/arm-none-eabi/8.2.0/../../../../arm-none-eabi/bin/ld.exe: C:\Users\REV\VivadoProjects\ZYNQ_DTW\dtw_mtds_2F_32bit\mtds_demo_1.sdk\demo1\Debug/../src/MyDispDemo1.cc:217: undefined reference to `MYDISP::setForeground(unsigned long)'
c:/xilinx/sdk/2019.1/gnu/aarch32/nt/gcc-arm-none-eabi/bin/../lib/gcc/arm-none-eabi/8.2.0/../../../../arm-none-eabi/bin/ld.exe: C:\Users\REV\VivadoProjects\ZYNQ_DTW\dtw_mtds_2F_32bit\mtds_demo_1.sdk\demo1\Debug/../src/MyDispDemo1.cc:218: undefined reference to `mydisp'
c:/xilinx/sdk/2019.1/gnu/aarch32/nt/gcc-arm-none-eabi/bin/../lib/gcc/arm-none-eabi/8.2.0/../../../../arm-none-eabi/bin/ld.exe: C:\Users\REV\VivadoProjects\ZYNQ_DTW\dtw_mtds_2F_32bit\mtds_demo_1.sdk\demo1\Debug/../src/MyDispDemo1.cc:218: undefined reference to `mydisp'
c:/xilinx/sdk/2019.1/gnu/aarch32/nt/gcc-arm-none-eabi/bin/../lib/gcc/arm-none-eabi/8.2.0/../../../../arm-none-eabi/bin/ld.exe: C:\Users\REV\VivadoProjects\ZYNQ_DTW\dtw_mtds_2F_32bit\mtds_demo_1.sdk\demo1\Debug/../src/MyDispDemo1.cc:218: undefined reference to `MYDISP::drawLine(int, int, int, int)'
c:/xilinx/sdk/2019.1/gnu/aarch32/nt/gcc-arm-none-eabi/bin/../lib/gcc/arm-none-eabi/8.2.0/../../../../arm-none-eabi/bin/ld.exe: C:\Users\REV\VivadoProjects\ZYNQ_DTW\dtw_mtds_2F_32bit\mtds_demo_1.sdk\demo1\Debug/../src/MyDispDemo1.cc:219: undefined reference to `mydisp'
c:/xilinx/sdk/2019.1/gnu/aarch32/nt/gcc-arm-none-eabi/bin/../lib/gcc/arm-none-eabi/8.2.0/../../../../arm-none-eabi/bin/ld.exe: C:\Users\REV\VivadoProjects\ZYNQ_DTW\dtw_mtds_2F_32bit\mtds_demo_1.sdk\demo1\Debug/../src/MyDispDemo1.cc:219: undefined reference to `mydisp'
c:/xilinx/sdk/2019.1/gnu/aarch32/nt/gcc-arm-none-eabi/bin/../lib/gcc/arm-none-eabi/8.2.0/../../../../arm-none-eabi/bin/ld.exe: C:\Users\REV\VivadoProjects\ZYNQ_DTW\dtw_mtds_2F_32bit\mtds_demo_1.sdk\demo1\Debug/../src/MyDispDemo1.cc:219: undefined reference to `MYDISP::drawLine(int, int, int, int)'
c:/xilinx/sdk/2019.1/gnu/aarch32/nt/gcc-arm-none-eabi/bin/../lib/gcc/arm-none-eabi/8.2.0/../../../../arm-none-eabi/bin/ld.exe: C:\Users\REV\VivadoProjects\ZYNQ_DTW\dtw_mtds_2F_32bit\mtds_demo_1.sdk\demo1\Debug/../src/MyDispDemo1.cc:224: undefined reference to `mydisp'
c:/xilinx/sdk/2019.1/gnu/aarch32/nt/gcc-arm-none-eabi/bin/../lib/gcc/arm-none-eabi/8.2.0/../../../../arm-none-eabi/bin/ld.exe: C:\Users\REV\VivadoProjects\ZYNQ_DTW\dtw_mtds_2F_32bit\mtds_demo_1.sdk\demo1\Debug/../src/MyDispDemo1.cc:224: undefined reference to `mydisp'
c:/xilinx/sdk/2019.1/gnu/aarch32/nt/gcc-arm-none-eabi/bin/../lib/gcc/arm-none-eabi/8.2.0/../../../../arm-none-eabi/bin/ld.exe: C:\Users\REV\VivadoProjects\ZYNQ_DTW\dtw_mtds_2F_32bit\mtds_demo_1.sdk\demo1\Debug/../src/MyDispDemo1.cc:224: undefined reference to `MYDISP::setForeground(unsigned long)'
c:/xilinx/sdk/2019.1/gnu/aarch32/nt/gcc-arm-none-eabi/bin/../lib/gcc/arm-none-eabi/8.2.0/../../../../arm-none-eabi/bin/ld.exe: C:\Users\REV\VivadoProjects\ZYNQ_DTW\dtw_mtds_2F_32bit\mtds_demo_1.sdk\demo1\Debug/../src/MyDispDemo1.cc:225: undefined reference to `mydisp'
c:/xilinx/sdk/2019.1/gnu/aarch32/nt/gcc-arm-none-eabi/bin/../lib/gcc/arm-none-eabi/8.2.0/../../../../arm-none-eabi/bin/ld.exe: C:\Users\REV\VivadoProjects\ZYNQ_DTW\dtw_mtds_2F_32bit\mtds_demo_1.sdk\demo1\Debug/../src/MyDispDemo1.cc:225: undefined reference to `mydisp'
c:/xilinx/sdk/2019.1/gnu/aarch32/nt/gcc-arm-none-eabi/bin/../lib/gcc/arm-none-eabi/8.2.0/../../../../arm-none-eabi/bin/ld.exe: C:\Users\REV\VivadoProjects\ZYNQ_DTW\dtw_mtds_2F_32bit\mtds_demo_1.sdk\demo1\Debug/../src/MyDispDemo1.cc:225: undefined reference to `MYDISP::drawLine(int, int, int, int)'
c:/xilinx/sdk/2019.1/gnu/aarch32/nt/gcc-arm-none-eabi/bin/../lib/gcc/arm-none-eabi/8.2.0/../../../../arm-none-eabi/bin/ld.exe: C:\Users\REV\VivadoProjects\ZYNQ_DTW\dtw_mtds_2F_32bit\mtds_demo_1.sdk\demo1\Debug/../src/MyDispDemo1.cc:237: undefined reference to `mydisp'
c:/xilinx/sdk/2019.1/gnu/aarch32/nt/gcc-arm-none-eabi/bin/../lib/gcc/arm-none-eabi/8.2.0/../../../../arm-none-eabi/bin/ld.exe: C:\Users\REV\VivadoProjects\ZYNQ_DTW\dtw_mtds_2F_32bit\mtds_demo_1.sdk\demo1\Debug/../src/MyDispDemo1.cc:237: undefined reference to `mydisp'
c:/xilinx/sdk/2019.1/gnu/aarch32/nt/gcc-arm-none-eabi/bin/../lib/gcc/arm-none-eabi/8.2.0/../../../../arm-none-eabi/bin/ld.exe: C:\Users\REV\VivadoProjects\ZYNQ_DTW\dtw_mtds_2F_32bit\mtds_demo_1.sdk\demo1\Debug/../src/MyDispDemo1.cc:237: undefined reference to `MYDISP::setPen(unsigned short)'
c:/xilinx/sdk/2019.1/gnu/aarch32/nt/gcc-arm-none-eabi/bin/../lib/gcc/arm-none-eabi/8.2.0/../../../../arm-none-eabi/bin/ld.exe: C:\Users\REV\VivadoProjects\ZYNQ_DTW\dtw_mtds_2F_32bit\mtds_demo_1.sdk\demo1\Debug/../src/MyDispDemo1.cc:238: undefined reference to `mydisp'
c:/xilinx/sdk/2019.1/gnu/aarch32/nt/gcc-arm-none-eabi/bin/../lib/gcc/arm-none-eabi/8.2.0/../../../../arm-none-eabi/bin/ld.exe: C:\Users\REV\VivadoProjects\ZYNQ_DTW\dtw_mtds_2F_32bit\mtds_demo_1.sdk\demo1\Debug/../src/MyDispDemo1.cc:238: undefined reference to `mydisp'
c:/xilinx/sdk/2019.1/gnu/aarch32/nt/gcc-arm-none-eabi/bin/../lib/gcc/arm-none-eabi/8.2.0/../../../../arm-none-eabi/bin/ld.exe: C:\Users\REV\VivadoProjects\ZYNQ_DTW\dtw_mtds_2F_32bit\mtds_demo_1.sdk\demo1\Debug/../src/MyDispDemo1.cc:238: undefined reference to `MYDISP::setForeground(unsigned long)'
c:/xilinx/sdk/2019.1/gnu/aarch32/nt/gcc-arm-none-eabi/bin/../lib/gcc/arm-none-eabi/8.2.0/../../../../arm-none-eabi/bin/ld.exe: C:\Users\REV\VivadoProjects\ZYNQ_DTW\dtw_mtds_2F_32bit\mtds_demo_1.sdk\demo1\Debug/../src/MyDispDemo1.cc:239: undefined reference to `mydisp'
c:/xilinx/sdk/2019.1/gnu/aarch32/nt/gcc-arm-none-eabi/bin/../lib/gcc/arm-none-eabi/8.2.0/../../../../arm-none-eabi/bin/ld.exe: C:\Users\REV\VivadoProjects\ZYNQ_DTW\dtw_mtds_2F_32bit\mtds_demo_1.sdk\demo1\Debug/../src/MyDispDemo1.cc:239: undefined reference to `mydisp'
c:/xilinx/sdk/2019.1/gnu/aarch32/nt/gcc-arm-none-eabi/bin/../lib/gcc/arm-none-eabi/8.2.0/../../../../arm-none-eabi/bin/ld.exe: C:\Users\REV\VivadoProjects\ZYNQ_DTW\dtw_mtds_2F_32bit\mtds_demo_1.sdk\demo1\Debug/../src/MyDispDemo1.cc:239: undefined reference to `MYDISP::drawArc(int, int, int, int, int, int, int, int)'
c:/xilinx/sdk/2019.1/gnu/aarch32/nt/gcc-arm-none-eabi/bin/../lib/gcc/arm-none-eabi/8.2.0/../../../../arm-none-eabi/bin/ld.exe: C:\Users\REV\VivadoProjects\ZYNQ_DTW\dtw_mtds_2F_32bit\mtds_demo_1.sdk\demo1\Debug/../src/MyDispDemo1.cc:253: undefined reference to `mydisp'
c:/xilinx/sdk/2019.1/gnu/aarch32/nt/gcc-arm-none-eabi/bin/../lib/gcc/arm-none-eabi/8.2.0/../../../../arm-none-eabi/bin/ld.exe: C:\Users\REV\VivadoProjects\ZYNQ_DTW\dtw_mtds_2F_32bit\mtds_demo_1.sdk\demo1\Debug/../src/MyDispDemo1.cc:253: undefined reference to `mydisp'
c:/xilinx/sdk/2019.1/gnu/aarch32/nt/gcc-arm-none-eabi/bin/../lib/gcc/arm-none-eabi/8.2.0/../../../../arm-none-eabi/bin/ld.exe: C:\Users\REV\VivadoProjects\ZYNQ_DTW\dtw_mtds_2F_32bit\mtds_demo_1.sdk\demo1\Debug/../src/MyDispDemo1.cc:253: undefined reference to `MYDISP::setPen(unsigned short)'
c:/xilinx/sdk/2019.1/gnu/aarch32/nt/gcc-arm-none-eabi/bin/../lib/gcc/arm-none-eabi/8.2.0/../../../../arm-none-eabi/bin/ld.exe: C:\Users\REV\VivadoProjects\ZYNQ_DTW\dtw_mtds_2F_32bit\mtds_demo_1.sdk\demo1\Debug/../src/MyDispDemo1.cc:254: undefined reference to `mydisp'
c:/xilinx/sdk/2019.1/gnu/aarch32/nt/gcc-arm-none-eabi/bin/../lib/gcc/arm-none-eabi/8.2.0/../../../../arm-none-eabi/bin/ld.exe: C:\Users\REV\VivadoProjects\ZYNQ_DTW\dtw_mtds_2F_32bit\mtds_demo_1.sdk\demo1\Debug/../src/MyDispDemo1.cc:254: undefined reference to `mydisp'
c:/xilinx/sdk/2019.1/gnu/aarch32/nt/gcc-arm-none-eabi/bin/../lib/gcc/arm-none-eabi/8.2.0/../../../../arm-none-eabi/bin/ld.exe: C:\Users\REV\VivadoProjects\ZYNQ_DTW\dtw_mtds_2F_32bit\mtds_demo_1.sdk\demo1\Debug/../src/MyDispDemo1.cc:254: undefined reference to `MYDISP::setForeground(unsigned long)'
c:/xilinx/sdk/2019.1/gnu/aarch32/nt/gcc-arm-none-eabi/bin/../lib/gcc/arm-none-eabi/8.2.0/../../../../arm-none-eabi/bin/ld.exe: C:\Users\REV\VivadoProjects\ZYNQ_DTW\dtw_mtds_2F_32bit\mtds_demo_1.sdk\demo1\Debug/../src/MyDispDemo1.cc:255: undefined reference to `mydisp'
c:/xilinx/sdk/2019.1/gnu/aarch32/nt/gcc-arm-none-eabi/bin/../lib/gcc/arm-none-eabi/8.2.0/../../../../arm-none-eabi/bin/ld.exe: C:\Users\REV\VivadoProjects\ZYNQ_DTW\dtw_mtds_2F_32bit\mtds_demo_1.sdk\demo1\Debug/../src/MyDispDemo1.cc:255: undefined reference to `mydisp'
c:/xilinx/sdk/2019.1/gnu/aarch32/nt/gcc-arm-none-eabi/bin/../lib/gcc/arm-none-eabi/8.2.0/../../../../arm-none-eabi/bin/ld.exe: C:\Users\REV\VivadoProjects\ZYNQ_DTW\dtw_mtds_2F_32bit\mtds_demo_1.sdk\demo1\Debug/../src/MyDispDemo1.cc:255: undefined reference to `MYDISP::setBackground(unsigned long)'
c:/xilinx/sdk/2019.1/gnu/aarch32/nt/gcc-arm-none-eabi/bin/../lib/gcc/arm-none-eabi/8.2.0/../../../../arm-none-eabi/bin/ld.exe: C:\Users\REV\VivadoProjects\ZYNQ_DTW\dtw_mtds_2F_32bit\mtds_demo_1.sdk\demo1\Debug/../src/MyDispDemo1.cc:256: undefined reference to `mydisp'
c:/xilinx/sdk/2019.1/gnu/aarch32/nt/gcc-arm-none-eabi/bin/../lib/gcc/arm-none-eabi/8.2.0/../../../../arm-none-eabi/bin/ld.exe: C:\Users\REV\VivadoProjects\ZYNQ_DTW\dtw_mtds_2F_32bit\mtds_demo_1.sdk\demo1\Debug/../src/MyDispDemo1.cc:256: undefined reference to `mydisp'
c:/xilinx/sdk/2019.1/gnu/aarch32/nt/gcc-arm-none-eabi/bin/../lib/gcc/arm-none-eabi/8.2.0/../../../../arm-none-eabi/bin/ld.exe: C:\Users\REV\VivadoProjects\ZYNQ_DTW\dtw_mtds_2F_32bit\mtds_demo_1.sdk\demo1\Debug/../src/MyDispDemo1.cc:256: undefined reference to `MYDISP::drawRectangle(bool, int, int, int, int)'
c:/xilinx/sdk/2019.1/gnu/aarch32/nt/gcc-arm-none-eabi/bin/../lib/gcc/arm-none-eabi/8.2.0/../../../../arm-none-eabi/bin/ld.exe: C:\Users\REV\VivadoProjects\ZYNQ_DTW\dtw_mtds_2F_32bit\mtds_demo_1.sdk\demo1\Debug/../src/MyDispDemo1.cc:257: undefined reference to `mydisp'
c:/xilinx/sdk/2019.1/gnu/aarch32/nt/gcc-arm-none-eabi/bin/../lib/gcc/arm-none-eabi/8.2.0/../../../../arm-none-eabi/bin/ld.exe: C:\Users\REV\VivadoProjects\ZYNQ_DTW\dtw_mtds_2F_32bit\mtds_demo_1.sdk\demo1\Debug/../src/MyDispDemo1.cc:257: undefined reference to `mydisp'
c:/xilinx/sdk/2019.1/gnu/aarch32/nt/gcc-arm-none-eabi/bin/../lib/gcc/arm-none-eabi/8.2.0/../../../../arm-none-eabi/bin/ld.exe: C:\Users\REV\VivadoProjects\ZYNQ_DTW\dtw_mtds_2F_32bit\mtds_demo_1.sdk\demo1\Debug/../src/MyDispDemo1.cc:257: undefined reference to `MYDISP::setPen(unsigned short)'
c:/xilinx/sdk/2019.1/gnu/aarch32/nt/gcc-arm-none-eabi/bin/../lib/gcc/arm-none-eabi/8.2.0/../../../../arm-none-eabi/bin/ld.exe: C:\Users\REV\VivadoProjects\ZYNQ_DTW\dtw_mtds_2F_32bit\mtds_demo_1.sdk\demo1\Debug/../src/MyDispDemo1.cc:258: undefined reference to `mydisp'
c:/xilinx/sdk/2019.1/gnu/aarch32/nt/gcc-arm-none-eabi/bin/../lib/gcc/arm-none-eabi/8.2.0/../../../../arm-none-eabi/bin/ld.exe: C:\Users\REV\VivadoProjects\ZYNQ_DTW\dtw_mtds_2F_32bit\mtds_demo_1.sdk\demo1\Debug/../src/MyDispDemo1.cc:258: undefined reference to `mydisp'
c:/xilinx/sdk/2019.1/gnu/aarch32/nt/gcc-arm-none-eabi/bin/../lib/gcc/arm-none-eabi/8.2.0/../../../../arm-none-eabi/bin/ld.exe: C:\Users\REV\VivadoProjects\ZYNQ_DTW\dtw_mtds_2F_32bit\mtds_demo_1.sdk\demo1\Debug/../src/MyDispDemo1.cc:258: undefined reference to `MYDISP::setForeground(unsigned long)'
c:/xilinx/sdk/2019.1/gnu/aarch32/nt/gcc-arm-none-eabi/bin/../lib/gcc/arm-none-eabi/8.2.0/../../../../arm-none-eabi/bin/ld.exe: C:\Users\REV\VivadoProjects\ZYNQ_DTW\dtw_mtds_2F_32bit\mtds_demo_1.sdk\demo1\Debug/../src/MyDispDemo1.cc:259: undefined reference to `mydisp'
c:/xilinx/sdk/2019.1/gnu/aarch32/nt/gcc-arm-none-eabi/bin/../lib/gcc/arm-none-eabi/8.2.0/../../../../arm-none-eabi/bin/ld.exe: C:\Users\REV\VivadoProjects\ZYNQ_DTW\dtw_mtds_2F_32bit\mtds_demo_1.sdk\demo1\Debug/../src/MyDispDemo1.cc:259: undefined reference to `mydisp'
c:/xilinx/sdk/2019.1/gnu/aarch32/nt/gcc-arm-none-eabi/bin/../lib/gcc/arm-none-eabi/8.2.0/../../../../arm-none-eabi/bin/ld.exe: C:\Users\REV\VivadoProjects\ZYNQ_DTW\dtw_mtds_2F_32bit\mtds_demo_1.sdk\demo1\Debug/../src/MyDispDemo1.cc:259: undefined reference to `MYDISP::drawRectangle(bool, int, int, int, int)'
c:/xilinx/sdk/2019.1/gnu/aarch32/nt/gcc-arm-none-eabi/bin/../lib/gcc/arm-none-eabi/8.2.0/../../../../arm-none-eabi/bin/ld.exe: C:\Users\REV\VivadoProjects\ZYNQ_DTW\dtw_mtds_2F_32bit\mtds_demo_1.sdk\demo1\Debug/../src/MyDispDemo1.cc:271: undefined reference to `mydisp'
c:/xilinx/sdk/2019.1/gnu/aarch32/nt/gcc-arm-none-eabi/bin/../lib/gcc/arm-none-eabi/8.2.0/../../../../arm-none-eabi/bin/ld.exe: C:\Users\REV\VivadoProjects\ZYNQ_DTW\dtw_mtds_2F_32bit\mtds_demo_1.sdk\demo1\Debug/../src/MyDispDemo1.cc:271: undefined reference to `mydisp'
c:/xilinx/sdk/2019.1/gnu/aarch32/nt/gcc-arm-none-eabi/bin/../lib/gcc/arm-none-eabi/8.2.0/../../../../arm-none-eabi/bin/ld.exe: C:\Users\REV\VivadoProjects\ZYNQ_DTW\dtw_mtds_2F_32bit\mtds_demo_1.sdk\demo1\Debug/../src/MyDispDemo1.cc:271: undefined reference to `MYDISP::setPen(unsigned short)'
c:/xilinx/sdk/2019.1/gnu/aarch32/nt/gcc-arm-none-eabi/bin/../lib/gcc/arm-none-eabi/8.2.0/../../../../arm-none-eabi/bin/ld.exe: C:\Users\REV\VivadoProjects\ZYNQ_DTW\dtw_mtds_2F_32bit\mtds_demo_1.sdk\demo1\Debug/../src/MyDispDemo1.cc:272: undefined reference to `mydisp'
c:/xilinx/sdk/2019.1/gnu/aarch32/nt/gcc-arm-none-eabi/bin/../lib/gcc/arm-none-eabi/8.2.0/../../../../arm-none-eabi/bin/ld.exe: C:\Users\REV\VivadoProjects\ZYNQ_DTW\dtw_mtds_2F_32bit\mtds_demo_1.sdk\demo1\Debug/../src/MyDispDemo1.cc:272: undefined reference to `mydisp'
c:/xilinx/sdk/2019.1/gnu/aarch32/nt/gcc-arm-none-eabi/bin/../lib/gcc/arm-none-eabi/8.2.0/../../../../arm-none-eabi/bin/ld.exe: C:\Users\REV\VivadoProjects\ZYNQ_DTW\dtw_mtds_2F_32bit\mtds_demo_1.sdk\demo1\Debug/../src/MyDispDemo1.cc:272: undefined reference to `MYDISP::setForeground(unsigned long)'
c:/xilinx/sdk/2019.1/gnu/aarch32/nt/gcc-arm-none-eabi/bin/../lib/gcc/arm-none-eabi/8.2.0/../../../../arm-none-eabi/bin/ld.exe: C:\Users\REV\VivadoProjects\ZYNQ_DTW\dtw_mtds_2F_32bit\mtds_demo_1.sdk\demo1\Debug/../src/MyDispDemo1.cc:273: undefined reference to `mydisp'
c:/xilinx/sdk/2019.1/gnu/aarch32/nt/gcc-arm-none-eabi/bin/../lib/gcc/arm-none-eabi/8.2.0/../../../../arm-none-eabi/bin/ld.exe: C:\Users\REV\VivadoProjects\ZYNQ_DTW\dtw_mtds_2F_32bit\mtds_demo_1.sdk\demo1\Debug/../src/MyDispDemo1.cc:273: undefined reference to `mydisp'
c:/xilinx/sdk/2019.1/gnu/aarch32/nt/gcc-arm-none-eabi/bin/../lib/gcc/arm-none-eabi/8.2.0/../../../../arm-none-eabi/bin/ld.exe: C:\Users\REV\VivadoProjects\ZYNQ_DTW\dtw_mtds_2F_32bit\mtds_demo_1.sdk\demo1\Debug/../src/MyDispDemo1.cc:273: undefined reference to `MYDISP::setBackground(unsigned long)'
c:/xilinx/sdk/2019.1/gnu/aarch32/nt/gcc-arm-none-eabi/bin/../lib/gcc/arm-none-eabi/8.2.0/../../../../arm-none-eabi/bin/ld.exe: C:\Users\REV\VivadoProjects\ZYNQ_DTW\dtw_mtds_2F_32bit\mtds_demo_1.sdk\demo1\Debug/../src/MyDispDemo1.cc:274: undefined reference to `mydisp'
c:/xilinx/sdk/2019.1/gnu/aarch32/nt/gcc-arm-none-eabi/bin/../lib/gcc/arm-none-eabi/8.2.0/../../../../arm-none-eabi/bin/ld.exe: C:\Users\REV\VivadoProjects\ZYNQ_DTW\dtw_mtds_2F_32bit\mtds_demo_1.sdk\demo1\Debug/../src/MyDispDemo1.cc:274: undefined reference to `mydisp'
c:/xilinx/sdk/2019.1/gnu/aarch32/nt/gcc-arm-none-eabi/bin/../lib/gcc/arm-none-eabi/8.2.0/../../../../arm-none-eabi/bin/ld.exe: C:\Users\REV\VivadoProjects\ZYNQ_DTW\dtw_mtds_2F_32bit\mtds_demo_1.sdk\demo1\Debug/../src/MyDispDemo1.cc:274: undefined reference to `MYDISP::drawText(char*, int, int)'
c:/xilinx/sdk/2019.1/gnu/aarch32/nt/gcc-arm-none-eabi/bin/../lib/gcc/arm-none-eabi/8.2.0/../../../../arm-none-eabi/bin/ld.exe: C:\Users\REV\VivadoProjects\ZYNQ_DTW\dtw_mtds_2F_32bit\mtds_demo_1.sdk\demo1\Debug/../src/MyDispDemo1.cc:290: undefined reference to `mydisp'
c:/xilinx/sdk/2019.1/gnu/aarch32/nt/gcc-arm-none-eabi/bin/../lib/gcc/arm-none-eabi/8.2.0/../../../../arm-none-eabi/bin/ld.exe: C:\Users\REV\VivadoProjects\ZYNQ_DTW\dtw_mtds_2F_32bit\mtds_demo_1.sdk\demo1\Debug/../src/MyDispDemo1.cc:290: undefined reference to `mydisp'
c:/xilinx/sdk/2019.1/gnu/aarch32/nt/gcc-arm-none-eabi/bin/../lib/gcc/arm-none-eabi/8.2.0/../../../../arm-none-eabi/bin/ld.exe: C:\Users\REV\VivadoProjects\ZYNQ_DTW\dtw_mtds_2F_32bit\mtds_demo_1.sdk\demo1\Debug/../src/MyDispDemo1.cc:290: undefined reference to `MYDISP::setPen(unsigned short)'
c:/xilinx/sdk/2019.1/gnu/aarch32/nt/gcc-arm-none-eabi/bin/../lib/gcc/arm-none-eabi/8.2.0/../../../../arm-none-eabi/bin/ld.exe: C:\Users\REV\VivadoProjects\ZYNQ_DTW\dtw_mtds_2F_32bit\mtds_demo_1.sdk\demo1\Debug/../src/MyDispDemo1.cc:291: undefined reference to `mydisp'
c:/xilinx/sdk/2019.1/gnu/aarch32/nt/gcc-arm-none-eabi/bin/../lib/gcc/arm-none-eabi/8.2.0/../../../../arm-none-eabi/bin/ld.exe: C:\Users\REV\VivadoProjects\ZYNQ_DTW\dtw_mtds_2F_32bit\mtds_demo_1.sdk\demo1\Debug/../src/MyDispDemo1.cc:291: undefined reference to `mydisp'
c:/xilinx/sdk/2019.1/gnu/aarch32/nt/gcc-arm-none-eabi/bin/../lib/gcc/arm-none-eabi/8.2.0/../../../../arm-none-eabi/bin/ld.exe: C:\Users\REV\VivadoProjects\ZYNQ_DTW\dtw_mtds_2F_32bit\mtds_demo_1.sdk\demo1\Debug/../src/MyDispDemo1.cc:291: undefined reference to `MYDISP::setForeground(unsigned long)'
c:/xilinx/sdk/2019.1/gnu/aarch32/nt/gcc-arm-none-eabi/bin/../lib/gcc/arm-none-eabi/8.2.0/../../../../arm-none-eabi/bin/ld.exe: C:\Users\REV\VivadoProjects\ZYNQ_DTW\dtw_mtds_2F_32bit\mtds_demo_1.sdk\demo1\Debug/../src/MyDispDemo1.cc:292: undefined reference to `mydisp'
c:/xilinx/sdk/2019.1/gnu/aarch32/nt/gcc-arm-none-eabi/bin/../lib/gcc/arm-none-eabi/8.2.0/../../../../arm-none-eabi/bin/ld.exe: C:\Users\REV\VivadoProjects\ZYNQ_DTW\dtw_mtds_2F_32bit\mtds_demo_1.sdk\demo1\Debug/../src/MyDispDemo1.cc:292: undefined reference to `mydisp'
c:/xilinx/sdk/2019.1/gnu/aarch32/nt/gcc-arm-none-eabi/bin/../lib/gcc/arm-none-eabi/8.2.0/../../../../arm-none-eabi/bin/ld.exe: C:\Users\REV\VivadoProjects\ZYNQ_DTW\dtw_mtds_2F_32bit\mtds_demo_1.sdk\demo1\Debug/../src/MyDispDemo1.cc:292: undefined reference to `MYDISP::setBackground(unsigned long)'
c:/xilinx/sdk/2019.1/gnu/aarch32/nt/gcc-arm-none-eabi/bin/../lib/gcc/arm-none-eabi/8.2.0/../../../../arm-none-eabi/bin/ld.exe: C:\Users\REV\VivadoProjects\ZYNQ_DTW\dtw_mtds_2F_32bit\mtds_demo_1.sdk\demo1\Debug/../src/MyDispDemo1.cc:293: undefined reference to `mydisp'
c:/xilinx/sdk/2019.1/gnu/aarch32/nt/gcc-arm-none-eabi/bin/../lib/gcc/arm-none-eabi/8.2.0/../../../../arm-none-eabi/bin/ld.exe: C:\Users\REV\VivadoProjects\ZYNQ_DTW\dtw_mtds_2F_32bit\mtds_demo_1.sdk\demo1\Debug/../src/MyDispDemo1.cc:293: undefined reference to `mydisp'
c:/xilinx/sdk/2019.1/gnu/aarch32/nt/gcc-arm-none-eabi/bin/../lib/gcc/arm-none-eabi/8.2.0/../../../../arm-none-eabi/bin/ld.exe: C:\Users\REV\VivadoProjects\ZYNQ_DTW\dtw_mtds_2F_32bit\mtds_demo_1.sdk\demo1\Debug/../src/MyDispDemo1.cc:293: undefined reference to `MYDISP::drawEllipse(bool, int, int, int, int)'
c:/xilinx/sdk/2019.1/gnu/aarch32/nt/gcc-arm-none-eabi/bin/../lib/gcc/arm-none-eabi/8.2.0/../../../../arm-none-eabi/bin/ld.exe: C:\Users\REV\VivadoProjects\ZYNQ_DTW\dtw_mtds_2F_32bit\mtds_demo_1.sdk\demo1\Debug/../src/MyDispDemo1.cc:294: undefined reference to `mydisp'
c:/xilinx/sdk/2019.1/gnu/aarch32/nt/gcc-arm-none-eabi/bin/../lib/gcc/arm-none-eabi/8.2.0/../../../../arm-none-eabi/bin/ld.exe: C:\Users\REV\VivadoProjects\ZYNQ_DTW\dtw_mtds_2F_32bit\mtds_demo_1.sdk\demo1\Debug/../src/MyDispDemo1.cc:294: undefined reference to `mydisp'
c:/xilinx/sdk/2019.1/gnu/aarch32/nt/gcc-arm-none-eabi/bin/../lib/gcc/arm-none-eabi/8.2.0/../../../../arm-none-eabi/bin/ld.exe: C:\Users\REV\VivadoProjects\ZYNQ_DTW\dtw_mtds_2F_32bit\mtds_demo_1.sdk\demo1\Debug/../src/MyDispDemo1.cc:294: undefined reference to `MYDISP::setPen(unsigned short)'
c:/xilinx/sdk/2019.1/gnu/aarch32/nt/gcc-arm-none-eabi/bin/../lib/gcc/arm-none-eabi/8.2.0/../../../../arm-none-eabi/bin/ld.exe: C:\Users\REV\VivadoProjects\ZYNQ_DTW\dtw_mtds_2F_32bit\mtds_demo_1.sdk\demo1\Debug/../src/MyDispDemo1.cc:295: undefined reference to `mydisp'
c:/xilinx/sdk/2019.1/gnu/aarch32/nt/gcc-arm-none-eabi/bin/../lib/gcc/arm-none-eabi/8.2.0/../../../../arm-none-eabi/bin/ld.exe: C:\Users\REV\VivadoProjects\ZYNQ_DTW\dtw_mtds_2F_32bit\mtds_demo_1.sdk\demo1\Debug/../src/MyDispDemo1.cc:295: undefined reference to `mydisp'
c:/xilinx/sdk/2019.1/gnu/aarch32/nt/gcc-arm-none-eabi/bin/../lib/gcc/arm-none-eabi/8.2.0/../../../../arm-none-eabi/bin/ld.exe: C:\Users\REV\VivadoProjects\ZYNQ_DTW\dtw_mtds_2F_32bit\mtds_demo_1.sdk\demo1\Debug/../src/MyDispDemo1.cc:295: undefined reference to `MYDISP::setForeground(unsigned long)'
c:/xilinx/sdk/2019.1/gnu/aarch32/nt/gcc-arm-none-eabi/bin/../lib/gcc/arm-none-eabi/8.2.0/../../../../arm-none-eabi/bin/ld.exe: C:\Users\REV\VivadoProjects\ZYNQ_DTW\dtw_mtds_2F_32bit\mtds_demo_1.sdk\demo1\Debug/../src/MyDispDemo1.cc:296: undefined reference to `mydisp'
c:/xilinx/sdk/2019.1/gnu/aarch32/nt/gcc-arm-none-eabi/bin/../lib/gcc/arm-none-eabi/8.2.0/../../../../arm-none-eabi/bin/ld.exe: C:\Users\REV\VivadoProjects\ZYNQ_DTW\dtw_mtds_2F_32bit\mtds_demo_1.sdk\demo1\Debug/../src/MyDispDemo1.cc:296: undefined reference to `mydisp'
c:/xilinx/sdk/2019.1/gnu/aarch32/nt/gcc-arm-none-eabi/bin/../lib/gcc/arm-none-eabi/8.2.0/../../../../arm-none-eabi/bin/ld.exe: C:\Users\REV\VivadoProjects\ZYNQ_DTW\dtw_mtds_2F_32bit\mtds_demo_1.sdk\demo1\Debug/../src/MyDispDemo1.cc:296: undefined reference to `MYDISP::drawEllipse(bool, int, int, int, int)'
c:/xilinx/sdk/2019.1/gnu/aarch32/nt/gcc-arm-none-eabi/bin/../lib/gcc/arm-none-eabi/8.2.0/../../../../arm-none-eabi/bin/ld.exe: ./src/MyDispDemo1.o: in function `MyDispTest2()':
C:\Users\REV\VivadoProjects\ZYNQ_DTW\dtw_mtds_2F_32bit\mtds_demo_1.sdk\demo1\Debug/../src/MyDispDemo1.cc:319: undefined reference to `mydisp'
c:/xilinx/sdk/2019.1/gnu/aarch32/nt/gcc-arm-none-eabi/bin/../lib/gcc/arm-none-eabi/8.2.0/../../../../arm-none-eabi/bin/ld.exe: C:\Users\REV\VivadoProjects\ZYNQ_DTW\dtw_mtds_2F_32bit\mtds_demo_1.sdk\demo1\Debug/../src/MyDispDemo1.cc:319: undefined reference to `mydisp'
c:/xilinx/sdk/2019.1/gnu/aarch32/nt/gcc-arm-none-eabi/bin/../lib/gcc/arm-none-eabi/8.2.0/../../../../arm-none-eabi/bin/ld.exe: C:\Users\REV\VivadoProjects\ZYNQ_DTW\dtw_mtds_2F_32bit\mtds_demo_1.sdk\demo1\Debug/../src/MyDispDemo1.cc:319: undefined reference to `MYDISP::drawImage(char*, int, int)'
c:/xilinx/sdk/2019.1/gnu/aarch32/nt/gcc-arm-none-eabi/bin/../lib/gcc/arm-none-eabi/8.2.0/../../../../arm-none-eabi/bin/ld.exe: C:\Users\REV\VivadoProjects\ZYNQ_DTW\dtw_mtds_2F_32bit\mtds_demo_1.sdk\demo1\Debug/../src/MyDispDemo1.cc:323: undefined reference to `mydisp'
c:/xilinx/sdk/2019.1/gnu/aarch32/nt/gcc-arm-none-eabi/bin/../lib/gcc/arm-none-eabi/8.2.0/../../../../arm-none-eabi/bin/ld.exe: C:\Users\REV\VivadoProjects\ZYNQ_DTW\dtw_mtds_2F_32bit\mtds_demo_1.sdk\demo1\Debug/../src/MyDispDemo1.cc:323: undefined reference to `mydisp'
c:/xilinx/sdk/2019.1/gnu/aarch32/nt/gcc-arm-none-eabi/bin/../lib/gcc/arm-none-eabi/8.2.0/../../../../arm-none-eabi/bin/ld.exe: C:\Users\REV\VivadoProjects\ZYNQ_DTW\dtw_mtds_2F_32bit\mtds_demo_1.sdk\demo1\Debug/../src/MyDispDemo1.cc:323: undefined reference to `MYDISP::drawImage(char*, int, int)'
c:/xilinx/sdk/2019.1/gnu/aarch32/nt/gcc-arm-none-eabi/bin/../lib/gcc/arm-none-eabi/8.2.0/../../../../arm-none-eabi/bin/ld.exe: C:\Users\REV\VivadoProjects\ZYNQ_DTW\dtw_mtds_2F_32bit\mtds_demo_1.sdk\demo1\Debug/../src/MyDispDemo1.cc:327: undefined reference to `mydisp'
c:/xilinx/sdk/2019.1/gnu/aarch32/nt/gcc-arm-none-eabi/bin/../lib/gcc/arm-none-eabi/8.2.0/../../../../arm-none-eabi/bin/ld.exe: C:\Users\REV\VivadoProjects\ZYNQ_DTW\dtw_mtds_2F_32bit\mtds_demo_1.sdk\demo1\Debug/../src/MyDispDemo1.cc:327: undefined reference to `mydisp'
c:/xilinx/sdk/2019.1/gnu/aarch32/nt/gcc-arm-none-eabi/bin/../lib/gcc/arm-none-eabi/8.2.0/../../../../arm-none-eabi/bin/ld.exe: C:\Users\REV\VivadoProjects\ZYNQ_DTW\dtw_mtds_2F_32bit\mtds_demo_1.sdk\demo1\Debug/../src/MyDispDemo1.cc:327: undefined reference to `MYDISP::drawImage(char*, int, int)'
c:/xilinx/sdk/2019.1/gnu/aarch32/nt/gcc-arm-none-eabi/bin/../lib/gcc/arm-none-eabi/8.2.0/../../../../arm-none-eabi/bin/ld.exe: ./src/MyDispDemo1.o: in function `MyDispTest3()':
C:\Users\REV\VivadoProjects\ZYNQ_DTW\dtw_mtds_2F_32bit\mtds_demo_1.sdk\demo1\Debug/../src/MyDispDemo1.cc:349: undefined reference to `mydisp'
c:/xilinx/sdk/2019.1/gnu/aarch32/nt/gcc-arm-none-eabi/bin/../lib/gcc/arm-none-eabi/8.2.0/../../../../arm-none-eabi/bin/ld.exe: C:\Users\REV\VivadoProjects\ZYNQ_DTW\dtw_mtds_2F_32bit\mtds_demo_1.sdk\demo1\Debug/../src/MyDispDemo1.cc:349: undefined reference to `mydisp'
c:/xilinx/sdk/2019.1/gnu/aarch32/nt/gcc-arm-none-eabi/bin/../lib/gcc/arm-none-eabi/8.2.0/../../../../arm-none-eabi/bin/ld.exe: C:\Users\REV\VivadoProjects\ZYNQ_DTW\dtw_mtds_2F_32bit\mtds_demo_1.sdk\demo1\Debug/../src/MyDispDemo1.cc:349: undefined reference to `MYDISP::drawImage(char*, int, int)'
c:/xilinx/sdk/2019.1/gnu/aarch32/nt/gcc-arm-none-eabi/bin/../lib/gcc/arm-none-eabi/8.2.0/../../../../arm-none-eabi/bin/ld.exe: ./src/MyDispDemo1.o: in function `MyDispTest4()':
C:\Users\REV\VivadoProjects\ZYNQ_DTW\dtw_mtds_2F_32bit\mtds_demo_1.sdk\demo1\Debug/../src/MyDispDemo1.cc:385: undefined reference to `mydisp'
c:/xilinx/sdk/2019.1/gnu/aarch32/nt/gcc-arm-none-eabi/bin/../lib/gcc/arm-none-eabi/8.2.0/../../../../arm-none-eabi/bin/ld.exe: C:\Users\REV\VivadoProjects\ZYNQ_DTW\dtw_mtds_2F_32bit\mtds_demo_1.sdk\demo1\Debug/../src/MyDispDemo1.cc:385: undefined reference to `mydisp'
c:/xilinx/sdk/2019.1/gnu/aarch32/nt/gcc-arm-none-eabi/bin/../lib/gcc/arm-none-eabi/8.2.0/../../../../arm-none-eabi/bin/ld.exe: C:\Users\REV\VivadoProjects\ZYNQ_DTW\dtw_mtds_2F_32bit\mtds_demo_1.sdk\demo1\Debug/../src/MyDispDemo1.cc:385: undefined reference to `MYDISP::createButton(int, char*, char*, int, int)'
c:/xilinx/sdk/2019.1/gnu/aarch32/nt/gcc-arm-none-eabi/bin/../lib/gcc/arm-none-eabi/8.2.0/../../../../arm-none-eabi/bin/ld.exe: C:\Users\REV\VivadoProjects\ZYNQ_DTW\dtw_mtds_2F_32bit\mtds_demo_1.sdk\demo1\Debug/../src/MyDispDemo1.cc:386: undefined reference to `xil_printf'
c:/xilinx/sdk/2019.1/gnu/aarch32/nt/gcc-arm-none-eabi/bin/../lib/gcc/arm-none-eabi/8.2.0/../../../../arm-none-eabi/bin/ld.exe: C:\Users\REV\VivadoProjects\ZYNQ_DTW\dtw_mtds_2F_32bit\mtds_demo_1.sdk\demo1\Debug/../src/MyDispDemo1.cc:389: undefined reference to `xil_printf'
c:/xilinx/sdk/2019.1/gnu/aarch32/nt/gcc-arm-none-eabi/bin/../lib/gcc/arm-none-eabi/8.2.0/../../../../arm-none-eabi/bin/ld.exe: C:\Users\REV\VivadoProjects\ZYNQ_DTW\dtw_mtds_2F_32bit\mtds_demo_1.sdk\demo1\Debug/../src/MyDispDemo1.cc:400: undefined reference to `mydisp'
c:/xilinx/sdk/2019.1/gnu/aarch32/nt/gcc-arm-none-eabi/bin/../lib/gcc/arm-none-eabi/8.2.0/../../../../arm-none-eabi/bin/ld.exe: C:\Users\REV\VivadoProjects\ZYNQ_DTW\dtw_mtds_2F_32bit\mtds_demo_1.sdk\demo1\Debug/../src/MyDispDemo1.cc:400: undefined reference to `mydisp'
c:/xilinx/sdk/2019.1/gnu/aarch32/nt/gcc-arm-none-eabi/bin/../lib/gcc/arm-none-eabi/8.2.0/../../../../arm-none-eabi/bin/ld.exe: C:\Users\REV\VivadoProjects\ZYNQ_DTW\dtw_mtds_2F_32bit\mtds_demo_1.sdk\demo1\Debug/../src/MyDispDemo1.cc:400: undefined reference to `MYDISP::createButton(int, char*, int, int)'
c:/xilinx/sdk/2019.1/gnu/aarch32/nt/gcc-arm-none-eabi/bin/../lib/gcc/arm-none-eabi/8.2.0/../../../../arm-none-eabi/bin/ld.exe: C:\Users\REV\VivadoProjects\ZYNQ_DTW\dtw_mtds_2F_32bit\mtds_demo_1.sdk\demo1\Debug/../src/MyDispDemo1.cc:401: undefined reference to `xil_printf'
c:/xilinx/sdk/2019.1/gnu/aarch32/nt/gcc-arm-none-eabi/bin/../lib/gcc/arm-none-eabi/8.2.0/../../../../arm-none-eabi/bin/ld.exe: C:\Users\REV\VivadoProjects\ZYNQ_DTW\dtw_mtds_2F_32bit\mtds_demo_1.sdk\demo1\Debug/../src/MyDispDemo1.cc:404: undefined reference to `xil_printf'
c:/xilinx/sdk/2019.1/gnu/aarch32/nt/gcc-arm-none-eabi/bin/../lib/gcc/arm-none-eabi/8.2.0/../../../../arm-none-eabi/bin/ld.exe: C:\Users\REV\VivadoProjects\ZYNQ_DTW\dtw_mtds_2F_32bit\mtds_demo_1.sdk\demo1\Debug/../src/MyDispDemo1.cc:411: undefined reference to `mydisp'
c:/xilinx/sdk/2019.1/gnu/aarch32/nt/gcc-arm-none-eabi/bin/../lib/gcc/arm-none-eabi/8.2.0/../../../../arm-none-eabi/bin/ld.exe: C:\Users\REV\VivadoProjects\ZYNQ_DTW\dtw_mtds_2F_32bit\mtds_demo_1.sdk\demo1\Debug/../src/MyDispDemo1.cc:411: undefined reference to `mydisp'
c:/xilinx/sdk/2019.1/gnu/aarch32/nt/gcc-arm-none-eabi/bin/../lib/gcc/arm-none-eabi/8.2.0/../../../../arm-none-eabi/bin/ld.exe: C:\Users\REV\VivadoProjects\ZYNQ_DTW\dtw_mtds_2F_32bit\mtds_demo_1.sdk\demo1\Debug/../src/MyDispDemo1.cc:411: undefined reference to `MYDISP::drawImage(char*, int, int)'
c:/xilinx/sdk/2019.1/gnu/aarch32/nt/gcc-arm-none-eabi/bin/../lib/gcc/arm-none-eabi/8.2.0/../../../../arm-none-eabi/bin/ld.exe: C:\Users\REV\VivadoProjects\ZYNQ_DTW\dtw_mtds_2F_32bit\mtds_demo_1.sdk\demo1\Debug/../src/MyDispDemo1.cc:416: undefined reference to `mydisp'
c:/xilinx/sdk/2019.1/gnu/aarch32/nt/gcc-arm-none-eabi/bin/../lib/gcc/arm-none-eabi/8.2.0/../../../../arm-none-eabi/bin/ld.exe: C:\Users\REV\VivadoProjects\ZYNQ_DTW\dtw_mtds_2F_32bit\mtds_demo_1.sdk\demo1\Debug/../src/MyDispDemo1.cc:416: undefined reference to `mydisp'
c:/xilinx/sdk/2019.1/gnu/aarch32/nt/gcc-arm-none-eabi/bin/../lib/gcc/arm-none-eabi/8.2.0/../../../../arm-none-eabi/bin/ld.exe: C:\Users\REV\VivadoProjects\ZYNQ_DTW\dtw_mtds_2F_32bit\mtds_demo_1.sdk\demo1\Debug/../src/MyDispDemo1.cc:416: undefined reference to `MYDISP::enableButton(int, bool)'
c:/xilinx/sdk/2019.1/gnu/aarch32/nt/gcc-arm-none-eabi/bin/../lib/gcc/arm-none-eabi/8.2.0/../../../../arm-none-eabi/bin/ld.exe: C:\Users\REV\VivadoProjects\ZYNQ_DTW\dtw_mtds_2F_32bit\mtds_demo_1.sdk\demo1\Debug/../src/MyDispDemo1.cc:417: undefined reference to `mydisp'
c:/xilinx/sdk/2019.1/gnu/aarch32/nt/gcc-arm-none-eabi/bin/../lib/gcc/arm-none-eabi/8.2.0/../../../../arm-none-eabi/bin/ld.exe: C:\Users\REV\VivadoProjects\ZYNQ_DTW\dtw_mtds_2F_32bit\mtds_demo_1.sdk\demo1\Debug/../src/MyDispDemo1.cc:417: undefined reference to `mydisp'
c:/xilinx/sdk/2019.1/gnu/aarch32/nt/gcc-arm-none-eabi/bin/../lib/gcc/arm-none-eabi/8.2.0/../../../../arm-none-eabi/bin/ld.exe: C:\Users\REV\VivadoProjects\ZYNQ_DTW\dtw_mtds_2F_32bit\mtds_demo_1.sdk\demo1\Debug/../src/MyDispDemo1.cc:417: undefined reference to `MYDISP::enableButton(int, bool)'
c:/xilinx/sdk/2019.1/gnu/aarch32/nt/gcc-arm-none-eabi/bin/../lib/gcc/arm-none-eabi/8.2.0/../../../../arm-none-eabi/bin/ld.exe: C:\Users\REV\VivadoProjects\ZYNQ_DTW\dtw_mtds_2F_32bit\mtds_demo_1.sdk\demo1\Debug/../src/MyDispDemo1.cc:421: undefined reference to `mydisp'
c:/xilinx/sdk/2019.1/gnu/aarch32/nt/gcc-arm-none-eabi/bin/../lib/gcc/arm-none-eabi/8.2.0/../../../../arm-none-eabi/bin/ld.exe: C:\Users\REV\VivadoProjects\ZYNQ_DTW\dtw_mtds_2F_32bit\mtds_demo_1.sdk\demo1\Debug/../src/MyDispDemo1.cc:421: undefined reference to `mydisp'
c:/xilinx/sdk/2019.1/gnu/aarch32/nt/gcc-arm-none-eabi/bin/../lib/gcc/arm-none-eabi/8.2.0/../../../../arm-none-eabi/bin/ld.exe: C:\Users\REV\VivadoProjects\ZYNQ_DTW\dtw_mtds_2F_32bit\mtds_demo_1.sdk\demo1\Debug/../src/MyDispDemo1.cc:421: undefined reference to `MYDISP::drawButton(int, int)'
c:/xilinx/sdk/2019.1/gnu/aarch32/nt/gcc-arm-none-eabi/bin/../lib/gcc/arm-none-eabi/8.2.0/../../../../arm-none-eabi/bin/ld.exe: C:\Users\REV\VivadoProjects\ZYNQ_DTW\dtw_mtds_2F_32bit\mtds_demo_1.sdk\demo1\Debug/../src/MyDispDemo1.cc:422: undefined reference to `mydisp'
c:/xilinx/sdk/2019.1/gnu/aarch32/nt/gcc-arm-none-eabi/bin/../lib/gcc/arm-none-eabi/8.2.0/../../../../arm-none-eabi/bin/ld.exe: C:\Users\REV\VivadoProjects\ZYNQ_DTW\dtw_mtds_2F_32bit\mtds_demo_1.sdk\demo1\Debug/../src/MyDispDemo1.cc:422: undefined reference to `mydisp'
c:/xilinx/sdk/2019.1/gnu/aarch32/nt/gcc-arm-none-eabi/bin/../lib/gcc/arm-none-eabi/8.2.0/../../../../arm-none-eabi/bin/ld.exe: C:\Users\REV\VivadoProjects\ZYNQ_DTW\dtw_mtds_2F_32bit\mtds_demo_1.sdk\demo1\Debug/../src/MyDispDemo1.cc:422: undefined reference to `MYDISP::drawButton(int, int)'
c:/xilinx/sdk/2019.1/gnu/aarch32/nt/gcc-arm-none-eabi/bin/../lib/gcc/arm-none-eabi/8.2.0/../../../../arm-none-eabi/bin/ld.exe: C:\Users\REV\VivadoProjects\ZYNQ_DTW\dtw_mtds_2F_32bit\mtds_demo_1.sdk\demo1\Debug/../src/MyDispDemo1.cc:426: undefined reference to `sleep'
c:/xilinx/sdk/2019.1/gnu/aarch32/nt/gcc-arm-none-eabi/bin/../lib/gcc/arm-none-eabi/8.2.0/../../../../arm-none-eabi/bin/ld.exe: C:\Users\REV\VivadoProjects\ZYNQ_DTW\dtw_mtds_2F_32bit\mtds_demo_1.sdk\demo1\Debug/../src/MyDispDemo1.cc:430: undefined reference to `mydisp'
c:/xilinx/sdk/2019.1/gnu/aarch32/nt/gcc-arm-none-eabi/bin/../lib/gcc/arm-none-eabi/8.2.0/../../../../arm-none-eabi/bin/ld.exe: C:\Users\REV\VivadoProjects\ZYNQ_DTW\dtw_mtds_2F_32bit\mtds_demo_1.sdk\demo1\Debug/../src/MyDispDemo1.cc:430: undefined reference to `mydisp'
c:/xilinx/sdk/2019.1/gnu/aarch32/nt/gcc-arm-none-eabi/bin/../lib/gcc/arm-none-eabi/8.2.0/../../../../arm-none-eabi/bin/ld.exe: C:\Users\REV\VivadoProjects\ZYNQ_DTW\dtw_mtds_2F_32bit\mtds_demo_1.sdk\demo1\Debug/../src/MyDispDemo1.cc:430: undefined reference to `MYDISP::drawButton(int, int)'
c:/xilinx/sdk/2019.1/gnu/aarch32/nt/gcc-arm-none-eabi/bin/../lib/gcc/arm-none-eabi/8.2.0/../../../../arm-none-eabi/bin/ld.exe: C:\Users\REV\VivadoProjects\ZYNQ_DTW\dtw_mtds_2F_32bit\mtds_demo_1.sdk\demo1\Debug/../src/MyDispDemo1.cc:431: undefined reference to `mydisp'
c:/xilinx/sdk/2019.1/gnu/aarch32/nt/gcc-arm-none-eabi/bin/../lib/gcc/arm-none-eabi/8.2.0/../../../../arm-none-eabi/bin/ld.exe: C:\Users\REV\VivadoProjects\ZYNQ_DTW\dtw_mtds_2F_32bit\mtds_demo_1.sdk\demo1\Debug/../src/MyDispDemo1.cc:431: undefined reference to `mydisp'
c:/xilinx/sdk/2019.1/gnu/aarch32/nt/gcc-arm-none-eabi/bin/../lib/gcc/arm-none-eabi/8.2.0/../../../../arm-none-eabi/bin/ld.exe: C:\Users\REV\VivadoProjects\ZYNQ_DTW\dtw_mtds_2F_32bit\mtds_demo_1.sdk\demo1\Debug/../src/MyDispDemo1.cc:431: undefined reference to `MYDISP::drawButton(int, int)'
c:/xilinx/sdk/2019.1/gnu/aarch32/nt/gcc-arm-none-eabi/bin/../lib/gcc/arm-none-eabi/8.2.0/../../../../arm-none-eabi/bin/ld.exe: C:\Users\REV\VivadoProjects\ZYNQ_DTW\dtw_mtds_2F_32bit\mtds_demo_1.sdk\demo1\Debug/../src/MyDispDemo1.cc:435: undefined reference to `sleep'
c:/xilinx/sdk/2019.1/gnu/aarch32/nt/gcc-arm-none-eabi/bin/../lib/gcc/arm-none-eabi/8.2.0/../../../../arm-none-eabi/bin/ld.exe: C:\Users\REV\VivadoProjects\ZYNQ_DTW\dtw_mtds_2F_32bit\mtds_demo_1.sdk\demo1\Debug/../src/MyDispDemo1.cc:439: undefined reference to `mydisp'
c:/xilinx/sdk/2019.1/gnu/aarch32/nt/gcc-arm-none-eabi/bin/../lib/gcc/arm-none-eabi/8.2.0/../../../../arm-none-eabi/bin/ld.exe: C:\Users\REV\VivadoProjects\ZYNQ_DTW\dtw_mtds_2F_32bit\mtds_demo_1.sdk\demo1\Debug/../src/MyDispDemo1.cc:439: undefined reference to `mydisp'
c:/xilinx/sdk/2019.1/gnu/aarch32/nt/gcc-arm-none-eabi/bin/../lib/gcc/arm-none-eabi/8.2.0/../../../../arm-none-eabi/bin/ld.exe: C:\Users\REV\VivadoProjects\ZYNQ_DTW\dtw_mtds_2F_32bit\mtds_demo_1.sdk\demo1\Debug/../src/MyDispDemo1.cc:439: undefined reference to `MYDISP::drawButton(int, int)'
c:/xilinx/sdk/2019.1/gnu/aarch32/nt/gcc-arm-none-eabi/bin/../lib/gcc/arm-none-eabi/8.2.0/../../../../arm-none-eabi/bin/ld.exe: C:\Users\REV\VivadoProjects\ZYNQ_DTW\dtw_mtds_2F_32bit\mtds_demo_1.sdk\demo1\Debug/../src/MyDispDemo1.cc:440: undefined reference to `mydisp'
c:/xilinx/sdk/2019.1/gnu/aarch32/nt/gcc-arm-none-eabi/bin/../lib/gcc/arm-none-eabi/8.2.0/../../../../arm-none-eabi/bin/ld.exe: C:\Users\REV\VivadoProjects\ZYNQ_DTW\dtw_mtds_2F_32bit\mtds_demo_1.sdk\demo1\Debug/../src/MyDispDemo1.cc:440: undefined reference to `mydisp'
c:/xilinx/sdk/2019.1/gnu/aarch32/nt/gcc-arm-none-eabi/bin/../lib/gcc/arm-none-eabi/8.2.0/../../../../arm-none-eabi/bin/ld.exe: C:\Users\REV\VivadoProjects\ZYNQ_DTW\dtw_mtds_2F_32bit\mtds_demo_1.sdk\demo1\Debug/../src/MyDispDemo1.cc:440: undefined reference to `MYDISP::drawButton(int, int)'
c:/xilinx/sdk/2019.1/gnu/aarch32/nt/gcc-arm-none-eabi/bin/../lib/gcc/arm-none-eabi/8.2.0/../../../../arm-none-eabi/bin/ld.exe: C:\Users\REV\VivadoProjects\ZYNQ_DTW\dtw_mtds_2F_32bit\mtds_demo_1.sdk\demo1\Debug/../src/MyDispDemo1.cc:442: undefined reference to `sleep'
c:/xilinx/sdk/2019.1/gnu/aarch32/nt/gcc-arm-none-eabi/bin/../lib/gcc/arm-none-eabi/8.2.0/../../../../arm-none-eabi/bin/ld.exe: C:\Users\REV\VivadoProjects\ZYNQ_DTW\dtw_mtds_2F_32bit\mtds_demo_1.sdk\demo1\Debug/../src/MyDispDemo1.cc:447: undefined reference to `mydisp'
c:/xilinx/sdk/2019.1/gnu/aarch32/nt/gcc-arm-none-eabi/bin/../lib/gcc/arm-none-eabi/8.2.0/../../../../arm-none-eabi/bin/ld.exe: C:\Users\REV\VivadoProjects\ZYNQ_DTW\dtw_mtds_2F_32bit\mtds_demo_1.sdk\demo1\Debug/../src/MyDispDemo1.cc:447: undefined reference to `mydisp'
c:/xilinx/sdk/2019.1/gnu/aarch32/nt/gcc-arm-none-eabi/bin/../lib/gcc/arm-none-eabi/8.2.0/../../../../arm-none-eabi/bin/ld.exe: C:\Users\REV\VivadoProjects\ZYNQ_DTW\dtw_mtds_2F_32bit\mtds_demo_1.sdk\demo1\Debug/../src/MyDispDemo1.cc:447: undefined reference to `MYDISP::drawButton(int, int)'
c:/xilinx/sdk/2019.1/gnu/aarch32/nt/gcc-arm-none-eabi/bin/../lib/gcc/arm-none-eabi/8.2.0/../../../../arm-none-eabi/bin/ld.exe: C:\Users\REV\VivadoProjects\ZYNQ_DTW\dtw_mtds_2F_32bit\mtds_demo_1.sdk\demo1\Debug/../src/MyDispDemo1.cc:448: undefined reference to `mydisp'
c:/xilinx/sdk/2019.1/gnu/aarch32/nt/gcc-arm-none-eabi/bin/../lib/gcc/arm-none-eabi/8.2.0/../../../../arm-none-eabi/bin/ld.exe: C:\Users\REV\VivadoProjects\ZYNQ_DTW\dtw_mtds_2F_32bit\mtds_demo_1.sdk\demo1\Debug/../src/MyDispDemo1.cc:448: undefined reference to `mydisp'
c:/xilinx/sdk/2019.1/gnu/aarch32/nt/gcc-arm-none-eabi/bin/../lib/gcc/arm-none-eabi/8.2.0/../../../../arm-none-eabi/bin/ld.exe: C:\Users\REV\VivadoProjects\ZYNQ_DTW\dtw_mtds_2F_32bit\mtds_demo_1.sdk\demo1\Debug/../src/MyDispDemo1.cc:448: undefined reference to `MYDISP::drawButton(int, int)'
c:/xilinx/sdk/2019.1/gnu/aarch32/nt/gcc-arm-none-eabi/bin/../lib/gcc/arm-none-eabi/8.2.0/../../../../arm-none-eabi/bin/ld.exe: C:\Users\REV\VivadoProjects\ZYNQ_DTW\dtw_mtds_2F_32bit\mtds_demo_1.sdk\demo1\Debug/../src/MyDispDemo1.cc:450: undefined reference to `sleep'
c:/xilinx/sdk/2019.1/gnu/aarch32/nt/gcc-arm-none-eabi/bin/../lib/gcc/arm-none-eabi/8.2.0/../../../../arm-none-eabi/bin/ld.exe: C:\Users\REV\VivadoProjects\ZYNQ_DTW\dtw_mtds_2F_32bit\mtds_demo_1.sdk\demo1\Debug/../src/MyDispDemo1.cc:458: undefined reference to `mydisp'
c:/xilinx/sdk/2019.1/gnu/aarch32/nt/gcc-arm-none-eabi/bin/../lib/gcc/arm-none-eabi/8.2.0/../../../../arm-none-eabi/bin/ld.exe: C:\Users\REV\VivadoProjects\ZYNQ_DTW\dtw_mtds_2F_32bit\mtds_demo_1.sdk\demo1\Debug/../src/MyDispDemo1.cc:458: undefined reference to `mydisp'
c:/xilinx/sdk/2019.1/gnu/aarch32/nt/gcc-arm-none-eabi/bin/../lib/gcc/arm-none-eabi/8.2.0/../../../../arm-none-eabi/bin/ld.exe: C:\Users\REV\VivadoProjects\ZYNQ_DTW\dtw_mtds_2F_32bit\mtds_demo_1.sdk\demo1\Debug/../src/MyDispDemo1.cc:458: undefined reference to `MYDISP::enableButton(int, bool)'
c:/xilinx/sdk/2019.1/gnu/aarch32/nt/gcc-arm-none-eabi/bin/../lib/gcc/arm-none-eabi/8.2.0/../../../../arm-none-eabi/bin/ld.exe: C:\Users\REV\VivadoProjects\ZYNQ_DTW\dtw_mtds_2F_32bit\mtds_demo_1.sdk\demo1\Debug/../src/MyDispDemo1.cc:459: undefined reference to `mydisp'
c:/xilinx/sdk/2019.1/gnu/aarch32/nt/gcc-arm-none-eabi/bin/../lib/gcc/arm-none-eabi/8.2.0/../../../../arm-none-eabi/bin/ld.exe: C:\Users\REV\VivadoProjects\ZYNQ_DTW\dtw_mtds_2F_32bit\mtds_demo_1.sdk\demo1\Debug/../src/MyDispDemo1.cc:459: undefined reference to `mydisp'
c:/xilinx/sdk/2019.1/gnu/aarch32/nt/gcc-arm-none-eabi/bin/../lib/gcc/arm-none-eabi/8.2.0/../../../../arm-none-eabi/bin/ld.exe: C:\Users\REV\VivadoProjects\ZYNQ_DTW\dtw_mtds_2F_32bit\mtds_demo_1.sdk\demo1\Debug/../src/MyDispDemo1.cc:459: undefined reference to `MYDISP::enableButton(int, bool)'
c:/xilinx/sdk/2019.1/gnu/aarch32/nt/gcc-arm-none-eabi/bin/../lib/gcc/arm-none-eabi/8.2.0/../../../../arm-none-eabi/bin/ld.exe: C:\Users\REV\VivadoProjects\ZYNQ_DTW\dtw_mtds_2F_32bit\mtds_demo_1.sdk\demo1\Debug/../src/MyDispDemo1.cc:460: undefined reference to `mydisp'
c:/xilinx/sdk/2019.1/gnu/aarch32/nt/gcc-arm-none-eabi/bin/../lib/gcc/arm-none-eabi/8.2.0/../../../../arm-none-eabi/bin/ld.exe: C:\Users\REV\VivadoProjects\ZYNQ_DTW\dtw_mtds_2F_32bit\mtds_demo_1.sdk\demo1\Debug/../src/MyDispDemo1.cc:460: undefined reference to `mydisp'
c:/xilinx/sdk/2019.1/gnu/aarch32/nt/gcc-arm-none-eabi/bin/../lib/gcc/arm-none-eabi/8.2.0/../../../../arm-none-eabi/bin/ld.exe: C:\Users\REV\VivadoProjects\ZYNQ_DTW\dtw_mtds_2F_32bit\mtds_demo_1.sdk\demo1\Debug/../src/MyDispDemo1.cc:460: undefined reference to `MYDISP::deleteButton(int)'
c:/xilinx/sdk/2019.1/gnu/aarch32/nt/gcc-arm-none-eabi/bin/../lib/gcc/arm-none-eabi/8.2.0/../../../../arm-none-eabi/bin/ld.exe: C:\Users\REV\VivadoProjects\ZYNQ_DTW\dtw_mtds_2F_32bit\mtds_demo_1.sdk\demo1\Debug/../src/MyDispDemo1.cc:461: undefined reference to `mydisp'
c:/xilinx/sdk/2019.1/gnu/aarch32/nt/gcc-arm-none-eabi/bin/../lib/gcc/arm-none-eabi/8.2.0/../../../../arm-none-eabi/bin/ld.exe: C:\Users\REV\VivadoProjects\ZYNQ_DTW\dtw_mtds_2F_32bit\mtds_demo_1.sdk\demo1\Debug/../src/MyDispDemo1.cc:461: undefined reference to `mydisp'
c:/xilinx/sdk/2019.1/gnu/aarch32/nt/gcc-arm-none-eabi/bin/../lib/gcc/arm-none-eabi/8.2.0/../../../../arm-none-eabi/bin/ld.exe: C:\Users\REV\VivadoProjects\ZYNQ_DTW\dtw_mtds_2F_32bit\mtds_demo_1.sdk\demo1\Debug/../src/MyDispDemo1.cc:461: undefined reference to `MYDISP::deleteButton(int)'
c:/xilinx/sdk/2019.1/gnu/aarch32/nt/gcc-arm-none-eabi/bin/../lib/gcc/arm-none-eabi/8.2.0/../../../../arm-none-eabi/bin/ld.exe: ./src/MyDispDemo1.o: in function `MYDISP::clearDisplay(unsigned long)':
C:\Users\REV\VivadoProjects\ZYNQ_DTW\dtw_mtds_2F_32bit\mtds_demo_1.sdk\dtw_01_bsp\ps7_cortexa9_0\include/MyDisp.h:123: undefined reference to `mtds'
c:/xilinx/sdk/2019.1/gnu/aarch32/nt/gcc-arm-none-eabi/bin/../lib/gcc/arm-none-eabi/8.2.0/../../../../arm-none-eabi/bin/ld.exe: C:\Users\REV\VivadoProjects\ZYNQ_DTW\dtw_mtds_2F_32bit\mtds_demo_1.sdk\dtw_01_bsp\ps7_cortexa9_0\include/MyDisp.h:123: undefined reference to `mtds'
c:/xilinx/sdk/2019.1/gnu/aarch32/nt/gcc-arm-none-eabi/bin/../lib/gcc/arm-none-eabi/8.2.0/../../../../arm-none-eabi/bin/ld.exe: C:\Users\REV\VivadoProjects\ZYNQ_DTW\dtw_mtds_2F_32bit\mtds_demo_1.sdk\dtw_01_bsp\ps7_cortexa9_0\include/MyDisp.h:123: undefined reference to `MTDS::ClearDisplay(unsigned short)'
c:/xilinx/sdk/2019.1/gnu/aarch32/nt/gcc-arm-none-eabi/bin/../lib/gcc/arm-none-eabi/8.2.0/../../../../arm-none-eabi/bin/ld.exe: ./src/MyDispDemo1.o: in function `MYDISP::setPixel(int, int, unsigned long)':
C:\Users\REV\VivadoProjects\ZYNQ_DTW\dtw_mtds_2F_32bit\mtds_demo_1.sdk\dtw_01_bsp\ps7_cortexa9_0\include/MyDisp.h:139: undefined reference to `mtds'
c:/xilinx/sdk/2019.1/gnu/aarch32/nt/gcc-arm-none-eabi/bin/../lib/gcc/arm-none-eabi/8.2.0/../../../../arm-none-eabi/bin/ld.exe: C:\Users\REV\VivadoProjects\ZYNQ_DTW\dtw_mtds_2F_32bit\mtds_demo_1.sdk\dtw_01_bsp\ps7_cortexa9_0\include/MyDisp.h:139: undefined reference to `mtds'
c:/xilinx/sdk/2019.1/gnu/aarch32/nt/gcc-arm-none-eabi/bin/../lib/gcc/arm-none-eabi/8.2.0/../../../../arm-none-eabi/bin/ld.exe: C:\Users\REV\VivadoProjects\ZYNQ_DTW\dtw_mtds_2F_32bit\mtds_demo_1.sdk\dtw_01_bsp\ps7_cortexa9_0\include/MyDisp.h:139: undefined reference to `MTDS::SetPixel(unsigned long, short, short, unsigned long)'
c:/xilinx/sdk/2019.1/gnu/aarch32/nt/gcc-arm-none-eabi/bin/../lib/gcc/arm-none-eabi/8.2.0/../../../../arm-none-eabi/bin/ld.exe: ./src/MyDispDemo1.o: in function `MYDISP::getPixel(int, int)':
C:\Users\REV\VivadoProjects\ZYNQ_DTW\dtw_mtds_2F_32bit\mtds_demo_1.sdk\dtw_01_bsp\ps7_cortexa9_0\include/MyDisp.h:141: undefined reference to `mtds'
c:/xilinx/sdk/2019.1/gnu/aarch32/nt/gcc-arm-none-eabi/bin/../lib/gcc/arm-none-eabi/8.2.0/../../../../arm-none-eabi/bin/ld.exe: C:\Users\REV\VivadoProjects\ZYNQ_DTW\dtw_mtds_2F_32bit\mtds_demo_1.sdk\dtw_01_bsp\ps7_cortexa9_0\include/MyDisp.h:141: undefined reference to `mtds'
c:/xilinx/sdk/2019.1/gnu/aarch32/nt/gcc-arm-none-eabi/bin/../lib/gcc/arm-none-eabi/8.2.0/../../../../arm-none-eabi/bin/ld.exe: C:\Users\REV\VivadoProjects\ZYNQ_DTW\dtw_mtds_2F_32bit\mtds_demo_1.sdk\dtw_01_bsp\ps7_cortexa9_0\include/MyDisp.h:141: undefined reference to `MTDS::GetPixel(unsigned long, short, short)'
c:/xilinx/sdk/2019.1/gnu/aarch32/nt/gcc-arm-none-eabi/bin/../lib/gcc/arm-none-eabi/8.2.0/../../../../arm-none-eabi/bin/ld.exe: c:/xilinx/sdk/2019.1/gnu/aarch32/nt/gcc-arm-none-eabi/bin/../arm-none-eabi/libc/usr/lib/thumb/v7-a+fp/hard\libc.a(lib_a-abort.o): in function `abort':
abort.c:(.text+0xa): undefined reference to `_exit'
c:/xilinx/sdk/2019.1/gnu/aarch32/nt/gcc-arm-none-eabi/bin/../lib/gcc/arm-none-eabi/8.2.0/../../../../arm-none-eabi/bin/ld.exe: c:/xilinx/sdk/2019.1/gnu/aarch32/nt/gcc-arm-none-eabi/bin/../arm-none-eabi/libc/usr/lib/thumb/v7-a+fp/hard\libc.a(lib_a-signalr.o): in function `_kill_r':
signalr.c:(.text+0x16): undefined reference to `_kill'
c:/xilinx/sdk/2019.1/gnu/aarch32/nt/gcc-arm-none-eabi/bin/../lib/gcc/arm-none-eabi/8.2.0/../../../../arm-none-eabi/bin/ld.exe: c:/xilinx/sdk/2019.1/gnu/aarch32/nt/gcc-arm-none-eabi/bin/../arm-none-eabi/libc/usr/lib/thumb/v7-a+fp/hard\libc.a(lib_a-signalr.o): in function `_getpid_r':
signalr.c:(.text+0x2c): undefined reference to `_getpid'
c:/xilinx/sdk/2019.1/gnu/aarch32/nt/gcc-arm-none-eabi/bin/../lib/gcc/arm-none-eabi/8.2.0/../../../../arm-none-eabi/bin/ld.exe: c:/xilinx/sdk/2019.1/gnu/aarch32/nt/gcc-arm-none-eabi/bin/../arm-none-eabi/libc/usr/lib/thumb/v7-a+fp/hard\libc.a(lib_a-sbrkr.o): in function `_sbrk_r':
sbrkr.c:(.text+0x12): undefined reference to `_sbrk'
collect2.exe: error: ld returned 1 exit status
make: *** [makefile:53: demo1.elf] Error 1

21:22:44 Build Finished (took 1s.996ms)

