Copyright 1986-2019 Xilinx, Inc. All Rights Reserved.
------------------------------------------------------------------------------------------------------------------------------------------
| Tool Version : Vivado v.2019.1 (win64) Build 2552052 Fri May 24 14:49:42 MDT 2019
| Date         : Tue Jul 28 03:19:44 2020
| Host         : DESKTOP-DT3LPHO running 64-bit major release  (build 9200)
| Command      : report_drc -file design_1_wrapper_drc_routed.rpt -pb design_1_wrapper_drc_routed.pb -rpx design_1_wrapper_drc_routed.rpx
| Design       : design_1_wrapper
| Device       : xc7z020clg400-1
| Speed File   : -1
| Design State : Fully Routed
------------------------------------------------------------------------------------------------------------------------------------------

Report DRC

Table of Contents
-----------------
1. REPORT SUMMARY
2. REPORT DETAILS

1. REPORT SUMMARY
-----------------
            Netlist: netlist
          Floorplan: design_1
      Design limits: <entire design considered>
           Ruledeck: default
             Max violations: <unlimited>
             Violations found: 9
+--------+----------+-------------------------------------------------------------------+------------+
| Rule   | Severity | Description                                                       | Violations |
+--------+----------+-------------------------------------------------------------------+------------+
| BUFC-1 | Warning  | Input Buffer Connections                                          | 1          |
| AVAL-4 | Advisory | enum_USE_DPORT_FALSE_enum_DREG_ADREG_0_connects_CED_CEAD_RSTD_GND | 8          |
+--------+----------+-------------------------------------------------------------------+------------+

2. REPORT DETAILS
-----------------
BUFC-1#1 Warning
Input Buffer Connections  
Input buffer spi_rtl_sck_iobuf/IBUF (in spi_rtl_sck_iobuf macro) has no loads. It is recommended to have an input buffer drive an internal load.
Related violations: <none>

AVAL-4#1 Advisory
enum_USE_DPORT_FALSE_enum_DREG_ADREG_0_connects_CED_CEAD_RSTD_GND  
design_1_i/dtw_8F_32bit_0/inst/dtw_8F_32bit_v2_0_S00_AXI_inst/dtw_8F_32bit_256x256_inst/euclidean_distance_inst/dsp_inst1/U0/i_synth/i_synth_option.i_synth_model/opt_7series.i_uniwrap/i_primitive: DSP48E1 is not using the D port (USE_DPORT = FALSE). For improved power characteristics, set DREG and ADREG to '1', tie CED, CEAD, and RSTD to logic '0'.
Related violations: <none>

AVAL-4#2 Advisory
enum_USE_DPORT_FALSE_enum_DREG_ADREG_0_connects_CED_CEAD_RSTD_GND  
design_1_i/dtw_8F_32bit_0/inst/dtw_8F_32bit_v2_0_S00_AXI_inst/dtw_8F_32bit_256x256_inst/euclidean_distance_inst/dsp_inst2/U0/i_synth/i_synth_option.i_synth_model/opt_7series.i_uniwrap/i_primitive: DSP48E1 is not using the D port (USE_DPORT = FALSE). For improved power characteristics, set DREG and ADREG to '1', tie CED, CEAD, and RSTD to logic '0'.
Related violations: <none>

AVAL-4#3 Advisory
enum_USE_DPORT_FALSE_enum_DREG_ADREG_0_connects_CED_CEAD_RSTD_GND  
design_1_i/dtw_8F_32bit_0/inst/dtw_8F_32bit_v2_0_S00_AXI_inst/dtw_8F_32bit_256x256_inst/euclidean_distance_inst/dsp_inst3/U0/i_synth/i_synth_option.i_synth_model/opt_7series.i_uniwrap/i_primitive: DSP48E1 is not using the D port (USE_DPORT = FALSE). For improved power characteristics, set DREG and ADREG to '1', tie CED, CEAD, and RSTD to logic '0'.
Related violations: <none>

AVAL-4#4 Advisory
enum_USE_DPORT_FALSE_enum_DREG_ADREG_0_connects_CED_CEAD_RSTD_GND  
design_1_i/dtw_8F_32bit_0/inst/dtw_8F_32bit_v2_0_S00_AXI_inst/dtw_8F_32bit_256x256_inst/euclidean_distance_inst/dsp_inst4/U0/i_synth/i_synth_option.i_synth_model/opt_7series.i_uniwrap/i_primitive: DSP48E1 is not using the D port (USE_DPORT = FALSE). For improved power characteristics, set DREG and ADREG to '1', tie CED, CEAD, and RSTD to logic '0'.
Related violations: <none>

AVAL-4#5 Advisory
enum_USE_DPORT_FALSE_enum_DREG_ADREG_0_connects_CED_CEAD_RSTD_GND  
design_1_i/dtw_8F_32bit_0/inst/dtw_8F_32bit_v2_0_S00_AXI_inst/dtw_8F_32bit_256x256_inst/euclidean_distance_inst/dsp_inst5/U0/i_synth/i_synth_option.i_synth_model/opt_7series.i_uniwrap/i_primitive: DSP48E1 is not using the D port (USE_DPORT = FALSE). For improved power characteristics, set DREG and ADREG to '1', tie CED, CEAD, and RSTD to logic '0'.
Related violations: <none>

AVAL-4#6 Advisory
enum_USE_DPORT_FALSE_enum_DREG_ADREG_0_connects_CED_CEAD_RSTD_GND  
design_1_i/dtw_8F_32bit_0/inst/dtw_8F_32bit_v2_0_S00_AXI_inst/dtw_8F_32bit_256x256_inst/euclidean_distance_inst/dsp_inst6/U0/i_synth/i_synth_option.i_synth_model/opt_7series.i_uniwrap/i_primitive: DSP48E1 is not using the D port (USE_DPORT = FALSE). For improved power characteristics, set DREG and ADREG to '1', tie CED, CEAD, and RSTD to logic '0'.
Related violations: <none>

AVAL-4#7 Advisory
enum_USE_DPORT_FALSE_enum_DREG_ADREG_0_connects_CED_CEAD_RSTD_GND  
design_1_i/dtw_8F_32bit_0/inst/dtw_8F_32bit_v2_0_S00_AXI_inst/dtw_8F_32bit_256x256_inst/euclidean_distance_inst/dsp_inst7/U0/i_synth/i_synth_option.i_synth_model/opt_7series.i_uniwrap/i_primitive: DSP48E1 is not using the D port (USE_DPORT = FALSE). For improved power characteristics, set DREG and ADREG to '1', tie CED, CEAD, and RSTD to logic '0'.
Related violations: <none>

AVAL-4#8 Advisory
enum_USE_DPORT_FALSE_enum_DREG_ADREG_0_connects_CED_CEAD_RSTD_GND  
design_1_i/dtw_8F_32bit_0/inst/dtw_8F_32bit_v2_0_S00_AXI_inst/dtw_8F_32bit_256x256_inst/euclidean_distance_inst/dsp_inst8/U0/i_synth/i_synth_option.i_synth_model/opt_7series.i_uniwrap/i_primitive: DSP48E1 is not using the D port (USE_DPORT = FALSE). For improved power characteristics, set DREG and ADREG to '1', tie CED, CEAD, and RSTD to logic '0'.
Related violations: <none>


